<?xml version="1.0" encoding="UTF-8"?>
<!-- Generated by org.testng.reporters.JUnitReportReporter -->
<testsuite skipped="0" hostname="LAPTOP-7HUNRUID" name="org.uk.wcht.testsuite.RegisterPageTest" tests="1" failures="0" timestamp="2020-04-19T18:49:25 BST" time="31.839" errors="0">
  <testcase name="verifyThatUserisAbletoNavigatetoLoginPageThruMyAccountPage" time="31.839" classname="org.uk.wcht.testsuite.RegisterPageTest"/>
  <system-out>
Clicking on Your Account Link :[[ChromeDriver: chrome on WINDOWS (cd260ba1eaec7a8083048ffe0a6c4ff9)] -> xpath: //span[contains(text(),'Your account')]]<br> Clicking on Register Link :[[ChromeDriver: chrome on WINDOWS (cd260ba1eaec7a8083048ffe0a6c4ff9)] -> partial link text: Regist]<br> Getting Register Text  :[[ChromeDriver: chrome on WINDOWS (cd260ba1eaec7a8083048ffe0a6c4ff9)] -> xpath: //h3[@class='panel-title']] [[ChromeDriver: chrome on WINDOWS (cd260ba1eaec7a8083048ffe0a6c4ff9)] -> xpath: //h3[@class='panel-title']]<br>  </system-out>
</testsuite> <!-- org.uk.wcht.testsuite.RegisterPageTest -->
