<?xml version="1.0" encoding="UTF-8"?>
<!-- Generated by org.testng.reporters.JUnitReportReporter -->
<testsuite skipped="0" hostname="LAPTOP-7HUNRUID" name="org.uk.wcht.testsuite.MyAccountPageTest" tests="1" failures="0" timestamp="2020-04-19T18:49:25 BST" time="31.893" errors="0">
  <testcase name="verifyThatUserIsAbletoNavigateToYourAccountPage" time="31.893" classname="org.uk.wcht.testsuite.MyAccountPageTest"/>
  <system-out>
Clicking on Your Account Link :[[ChromeDriver: chrome on WINDOWS (75162697dc11bc9961928eeb7457f643)] -> xpath: //span[contains(text(),'Your account')]]<br> Displaying My Account Text Clicking on Your Account Link :[[ChromeDriver: chrome on WINDOWS (75162697dc11bc9961928eeb7457f643)] -> xpath: //div[@class='panel-heading']]<br> Displaying My Account Text  :[[ChromeDriver: chrome on WINDOWS (75162697dc11bc9961928eeb7457f643)] -> xpath: //div[@class='panel-heading']]<br>  </system-out>
</testsuite> <!-- org.uk.wcht.testsuite.MyAccountPageTest -->
